[     113ms] [ERROR] Failed to load resource: the server responded with a status of 403 () @ https://zhuanlan.zhihu.com/p/404062419:0
[    3248ms] [ERROR] Failed to load resource: the server responded with a status of 400 () @ https://www.zhihu.com/api/v4/column/articles/404062419/card:0
[    4379ms] [ERROR] Access to XMLHttpRequest at 'https://118.89.204.198/resolv?host=www.zhihu.com&os_type=web' from origin 'https://zhuanlan.zhihu.com' has been blocked by CORS policy: No 'Access-Control-Allow-Origin' header is present on the requested resource. @ https://zhuanlan.zhihu.com/p/404062419:0
[    4379ms] [ERROR] Failed to load resource: net::ERR_FAILED @ https://118.89.204.198/resolv?host=www.zhihu.com&os_type=web:0
[    4933ms] [ERROR] 加载WebView模块失败: TypeError: r is not a function
    at Object.RCqe (https://static.zhihu.com/amadeus-rn/web/shared-65f38b9024991d61.d44fbba016d365e9.js:1:1202)
    at r (https://zhuanlan.zhihu.com/appview/rn/ModuleFederation.js:1:248)
    at Module.arme (https://static.zhihu.com/amadeus-rn/web/shared-65f38b9024991d61.d44fbba016d365e9.js:1:1049)
    at r (https://zhuanlan.zhihu.com/appview/rn/ModuleFederation.js:1:248)
    at 0Qfx (https://static.zhihu.com/amadeus-rn/web/shared-65f38b9024991d61.d44fbba016d365e9.js:1:3164)
    at r (https://zhuanlan.zhihu.com/appview/rn/ModuleFederation.js:1:248)
    at ok/i (https://static.zhihu.com/amadeus-rn/web/shared-65f38b9024991d61.d44fbba016d365e9.js:1:8872)
    at r (https://zhuanlan.zhihu.com/appview/rn/ModuleFederation.js:1:248)
    at Module.RcoR (https://static.zhihu.com/amadeus-rn/web/shared-65f38b9024991d61.d44fbba016d365e9.js:1:18808)
    at r (https://zhuanlan.zhihu.com/appview/rn/ModuleFederation.js:1:248)
    at Module.zPWS (https://static.zhihu.com/amadeus-rn/web/shared-65f38b9024991d61.d44fbba016d365e9.js:1:55206)
    at r (https://zhuanlan.zhihu.com/appview/rn/ModuleFederation.js:1:248)
    at Module.TrWo (https://static.zhihu.com/amadeus-rn/web/shared-5c7116661fa9efb0.662f48b6f13abe32.js:1:125178)
    at r (https://zhuanlan.zhihu.com/appview/rn/ModuleFederation.js:1:248)
    at Module.VA61 (https://static.zhihu.com/amadeus-rn/web/shared-5c7116661fa9efb0.662f48b6f13abe32.js:1:99520)
    at r (https://zhuanlan.zhihu.com/appview/rn/ModuleFederation.js:1:248)
    at Module.gdiQ (https://static.zhihu.com/amadeus-rn/web/shared-5c7116661fa9efb0.662f48b6f13abe32.js:1:100315)
    at r (https://zhuanlan.zhihu.com/appview/rn/ModuleFederation.js:1:248)
    at 5DFK (https://static.zhihu.com/amadeus-rn/web/shared-443d90435bc51ca0.c5a241b9242da610.js:1:35116)
    at r (https://zhuanlan.zhihu.com/appview/rn/ModuleFederation.js:1:248)
    at Module.IQ9y (https://static.zhihu.com/amadeus-rn/web/pages_ZhidaPage_webPages_AIPanel_index_tsx.7928c7d3708fe3af.js:1:445)
    at r (https://zhuanlan.zhihu.com/appview/rn/ModuleFederation.js:1:248)
    at https://zhuanlan.zhihu.com/appview/rn/ModuleFederation.js:1:13839
    at https://static.zhihu.com/heifetz/lib-fae4f1f9.app.8210fbad01cca9b08efe.js:1:4830
    at eh (https://static.zhihu.com/heifetz/3510.app.9a1bf5960c7d5110c91f.js:91:370570)
    at Object.next (https://static.zhihu.com/heifetz/3510.app.9a1bf5960c7d5110c91f.js:91:369776)
    at eu (https://static.zhihu.com/heifetz/3510.app.9a1bf5960c7d5110c91f.js:91:90444)
    at ep (https://static.zhihu.com/heifetz/3510.app.9a1bf5960c7d5110c91f.js:91:90665) @ https://unpkg.zhimg.com/@cfe/sentry-script@1.3.1/dist/init.js:0
[   28641ms] [ERROR] Mixed Content: The page at 'https://zhuanlan.zhihu.com/p/404062419' was loaded over HTTPS, but requested an insecure resource 'http://local.adspower.net:50325/'. This request has been blocked; the content must be served over HTTPS. @ https://unpkg.zhimg.com/@cfe/sentry-script@1.3.1/dist/init.js:0
[   28680ms] [ERROR] Failed to load resource: net::ERR_CONNECTION_REFUSED @ http://127.0.0.1:54345/:0
[   28698ms] [ERROR] Failed to load resource: net::ERR_CONNECTION_REFUSED @ http://localhost:50213/status:0
[   28701ms] [ERROR] Failed to load resource: net::ERR_CONNECTION_REFUSED @ http://127.0.0.1:40000/:0
[   28702ms] [ERROR] Failed to load resource: net::ERR_CONNECTION_REFUSED @ http://127.0.0.1:35000/:0
